Arguments: 
  /Users/fastackl/.nvm/versions/node/v18.9.0/bin/node /Users/fastackl/.nvm/versions/node/v18.9.0/bin/yarn install

PATH: 
  /Users/fastackl/.nvm/versions/node/v18.9.0/bin:/opt/homebrew/bin:/opt/homebrew/sbin:/usr/local/bin:/usr/bin:/bin:/usr/sbin:/sbin:/Library/Apple/usr/bin

Yarn version: 
  1.22.19

Node version: 
  18.9.0

Platform: 
  darwin arm64

Trace: 
  SyntaxError: /Users/fastackl/gitlocal/guardians/package.json: Unexpected token } in JSON at position 563
      at JSON.parse (<anonymous>)
      at /Users/fastackl/.nvm/versions/node/v18.9.0/lib/node_modules/yarn/lib/cli.js:1629:59
      at Generator.next (<anonymous>)
      at step (/Users/fastackl/.nvm/versions/node/v18.9.0/lib/node_modules/yarn/lib/cli.js:310:30)
      at /Users/fastackl/.nvm/versions/node/v18.9.0/lib/node_modules/yarn/lib/cli.js:321:13

npm manifest: 
  {
    "name": "hardhat-project",
    "devDependencies": {
      "keccak256": "^1.0.6",
      "web3": "^1.8.0",
      "@nomiclabs/hardhat-ethers": "^2.2.3",
      "@nomiclabs/hardhat-etherscan": "^3.1.7",
      "@nomiclabs/hardhat-waffle": "^2.0.6",
      "@openzeppelin/contracts": "^4.4.0",
      "@openzeppelin/test-helpers": "^0.5.15",
      "chai": "^4.3.10",
      "colors": "^1.4.0",
      "dotenv": "^16.3.1",
      "ethereum-waffle": "^4.0.10",
      "ethers": "^5.7.2",
      "hardhat-ignore-warnings": "^0.2.9",
      "hjson": "^3.2.2",
      "solc": "^0.8.21",
      "table": "^6.8.1",
    },
    "dependencies": {
        "hardhat": "^2.18.1"
    }
  }

yarn manifest: 
  No manifest

Lockfile: 
  No lockfile
